[debug] [2022-10-11T04:53:11.156Z] ----------------------------------------------------------------------
[debug] [2022-10-11T04:53:11.158Z] Command:       /usr/local/bin/node /usr/local/bin/firebase init
[debug] [2022-10-11T04:53:11.158Z] CLI Version:   11.14.1
[debug] [2022-10-11T04:53:11.158Z] Platform:      darwin
[debug] [2022-10-11T04:53:11.158Z] Node Version:  v18.8.0
[debug] [2022-10-11T04:53:11.160Z] Time:          Tue Oct 11 2022 15:53:11 GMT+1100 (Australian Eastern Daylight Time)
[debug] [2022-10-11T04:53:11.160Z] ----------------------------------------------------------------------
[debug] 
[debug] [2022-10-11T04:53:11.167Z] > command requires scopes: ["email","openid","https://www.googleapis.com/auth/cloudplatformprojects.readonly","https://www.googleapis.com/auth/firebase","https://www.googleapis.com/auth/cloud-platform"]
[debug] [2022-10-11T04:53:11.167Z] > authorizing via signed-in user (charanabarajithan1@gmail.com)
[info] 
     ######## #### ########  ######## ########     ###     ######  ########
     ##        ##  ##     ## ##       ##     ##  ##   ##  ##       ##
     ######    ##  ########  ######   ########  #########  ######  ######
     ##        ##  ##    ##  ##       ##     ## ##     ##       ## ##
     ##       #### ##     ## ######## ########  ##     ##  ######  ########

You're about to initialize a Firebase project in this directory:

  /Users/charanabarajithan/Desktop/FINAL/Crypto

[info] 
=== Project Setup
[info] 
[info] First, let's associate this project directory with a Firebase project.
[info] You can create multiple project aliases by running firebase use --add, 
[info] but for now we'll just set up a default project.
[info] 
[debug] [2022-10-11T04:53:14.538Z] > refreshing access token with scopes: []
[debug] [2022-10-11T04:53:14.541Z] >>> [apiv2][query] POST https://www.googleapis.com/oauth2/v3/token [none]
[debug] [2022-10-11T04:53:14.541Z] >>> [apiv2][body] POST https://www.googleapis.com/oauth2/v3/token [omitted]
[debug] [2022-10-11T04:53:14.895Z] <<< [apiv2][status] POST https://www.googleapis.com/oauth2/v3/token 200
[debug] [2022-10-11T04:53:14.896Z] <<< [apiv2][body] POST https://www.googleapis.com/oauth2/v3/token [omitted]
[debug] [2022-10-11T04:53:14.966Z] >>> [apiv2][query] GET https://firebase.googleapis.com/v1beta1/projects pageSize=100
[debug] [2022-10-11T04:53:15.800Z] <<< [apiv2][status] GET https://firebase.googleapis.com/v1beta1/projects 200
[debug] [2022-10-11T04:53:15.800Z] <<< [apiv2][body] GET https://firebase.googleapis.com/v1beta1/projects [omitted]
[info] i  Using project crypto-tracker-c6c2c (Crypto-tracker) 
[info] 
=== Database Setup
[info] i  database: ensuring required API firebasedatabase.googleapis.com is enabled... 
[debug] [2022-10-11T04:53:17.069Z] >>> [apiv2][query] GET https://serviceusage.googleapis.com/v1/projects/crypto-tracker-c6c2c/services/firebasedatabase.googleapis.com [none]
[debug] [2022-10-11T04:53:17.070Z] >>> [apiv2][(partial)header] GET https://serviceusage.googleapis.com/v1/projects/crypto-tracker-c6c2c/services/firebasedatabase.googleapis.com x-goog-quota-user=projects/crypto-tracker-c6c2c
[debug] [2022-10-11T04:53:18.534Z] <<< [apiv2][status] GET https://serviceusage.googleapis.com/v1/projects/crypto-tracker-c6c2c/services/firebasedatabase.googleapis.com 200
[debug] [2022-10-11T04:53:18.534Z] <<< [apiv2][body] GET https://serviceusage.googleapis.com/v1/projects/crypto-tracker-c6c2c/services/firebasedatabase.googleapis.com [omitted]
[info] ✔  database: required API firebasedatabase.googleapis.com is enabled 
[info] 
[debug] [2022-10-11T04:53:18.535Z] >>> [apiv2][query] GET https://firebasedatabase.googleapis.com/v1beta/projects/crypto-tracker-c6c2c/locations/-/instances/crypto-tracker-c6c2c-default-rtdb [none]
[debug] [2022-10-11T04:53:20.479Z] <<< [apiv2][status] GET https://firebasedatabase.googleapis.com/v1beta/projects/crypto-tracker-c6c2c/locations/-/instances/crypto-tracker-c6c2c-default-rtdb 200
[debug] [2022-10-11T04:53:20.479Z] <<< [apiv2][body] GET https://firebasedatabase.googleapis.com/v1beta/projects/crypto-tracker-c6c2c/locations/-/instances/crypto-tracker-c6c2c-default-rtdb {"name":"projects/920708752123/locations/us-central1/instances/crypto-tracker-c6c2c-default-rtdb","project":"projects/920708752123","databaseUrl":"https://crypto-tracker-c6c2c-default-rtdb.firebaseio.com","type":"DEFAULT_DATABASE","state":"ACTIVE"}
[info] 
[info] Firebase Realtime Database Security Rules allow you to define how your data should be
[info] structured and when your data can be read from and written to.
[info] 
[debug] [2022-10-11T04:53:25.798Z] >>> [apiv2][query] GET https://crypto-tracker-c6c2c-default-rtdb.firebaseio.com/.settings/rules.json [none]
[debug] [2022-10-11T04:53:26.224Z] <<< [apiv2][status] GET https://crypto-tracker-c6c2c-default-rtdb.firebaseio.com/.settings/rules.json 200
[debug] [2022-10-11T04:53:26.225Z] <<< [apiv2][body] GET https://crypto-tracker-c6c2c-default-rtdb.firebaseio.com/.settings/rules.json [stream]
[info] ✔  Database Rules for crypto-tracker-c6c2c-default-rtdb have been written to y. 
[info] Future modifications to y will update Realtime Database Security Rules when you run
[info] firebase deploy.
[info] 
=== Firestore Setup
[debug] [2022-10-11T04:53:26.230Z] >>> [apiv2][query] GET https://serviceusage.googleapis.com/v1/projects/crypto-tracker-c6c2c/services/firestore.googleapis.com [none]
[debug] [2022-10-11T04:53:26.230Z] >>> [apiv2][(partial)header] GET https://serviceusage.googleapis.com/v1/projects/crypto-tracker-c6c2c/services/firestore.googleapis.com x-goog-quota-user=projects/crypto-tracker-c6c2c
[debug] [2022-10-11T04:53:27.649Z] <<< [apiv2][status] GET https://serviceusage.googleapis.com/v1/projects/crypto-tracker-c6c2c/services/firestore.googleapis.com 200
[debug] [2022-10-11T04:53:27.649Z] <<< [apiv2][body] GET https://serviceusage.googleapis.com/v1/projects/crypto-tracker-c6c2c/services/firestore.googleapis.com [omitted]
[debug] [2022-10-11T04:53:27.650Z] >>> [apiv2][query] GET https://appengine.googleapis.com/v1/apps/crypto-tracker-c6c2c [none]
[debug] [2022-10-11T04:53:28.227Z] <<< [apiv2][status] GET https://appengine.googleapis.com/v1/apps/crypto-tracker-c6c2c 200
[debug] [2022-10-11T04:53:28.227Z] <<< [apiv2][body] GET https://appengine.googleapis.com/v1/apps/crypto-tracker-c6c2c {"name":"apps/crypto-tracker-c6c2c","id":"crypto-tracker-c6c2c","authDomain":"gmail.com","locationId":"asia-northeast3","codeBucket":"staging.crypto-tracker-c6c2c.appspot.com","servingStatus":"SERVING","defaultHostname":"crypto-tracker-c6c2c.du.r.appspot.com","defaultBucket":"crypto-tracker-c6c2c.appspot.com","serviceAccount":"crypto-tracker-c6c2c@appspot.gserviceaccount.com","gcrDomain":"asia.gcr.io","databaseType":"CLOUD_FIRESTORE","featureSettings":{"splitHealthChecks":true,"useContainerOptimizedOs":true}}
[debug] [2022-10-11T04:53:28.228Z] database_type: CLOUD_FIRESTORE
[debug] [2022-10-11T04:53:28.228Z] > command requires scopes: ["email","openid","https://www.googleapis.com/auth/cloudplatformprojects.readonly","https://www.googleapis.com/auth/firebase","https://www.googleapis.com/auth/cloud-platform"]
[debug] [2022-10-11T04:53:28.228Z] > authorizing via signed-in user (charanabarajithan1@gmail.com)
[debug] [2022-10-11T04:53:28.228Z] [iam] checking project crypto-tracker-c6c2c for permissions ["firebase.projects.get"]
[debug] [2022-10-11T04:53:28.229Z] >>> [apiv2][query] POST https://cloudresourcemanager.googleapis.com/v1/projects/crypto-tracker-c6c2c:testIamPermissions [none]
[debug] [2022-10-11T04:53:28.229Z] >>> [apiv2][(partial)header] POST https://cloudresourcemanager.googleapis.com/v1/projects/crypto-tracker-c6c2c:testIamPermissions x-goog-quota-user=projects/crypto-tracker-c6c2c
[debug] [2022-10-11T04:53:28.229Z] >>> [apiv2][body] POST https://cloudresourcemanager.googleapis.com/v1/projects/crypto-tracker-c6c2c:testIamPermissions {"permissions":["firebase.projects.get"]}
[debug] [2022-10-11T04:53:29.386Z] <<< [apiv2][status] POST https://cloudresourcemanager.googleapis.com/v1/projects/crypto-tracker-c6c2c:testIamPermissions 200
[debug] [2022-10-11T04:53:29.386Z] <<< [apiv2][body] POST https://cloudresourcemanager.googleapis.com/v1/projects/crypto-tracker-c6c2c:testIamPermissions {"permissions":["firebase.projects.get"]}
[info] 
[info] Firestore Security Rules allow you to define how and when to allow
[info] requests. You can keep these rules in your project directory
[info] and publish them with firebase deploy.
[info] 
[debug] [2022-10-11T04:53:33.693Z] >>> [apiv2][query] GET https://firebaserules.googleapis.com/v1/projects/crypto-tracker-c6c2c/releases pageSize=10&pageToken=
[debug] [2022-10-11T04:53:35.430Z] <<< [apiv2][status] GET https://firebaserules.googleapis.com/v1/projects/crypto-tracker-c6c2c/releases 200
[debug] [2022-10-11T04:53:35.431Z] <<< [apiv2][body] GET https://firebaserules.googleapis.com/v1/projects/crypto-tracker-c6c2c/releases {"releases":[{"name":"projects/crypto-tracker-c6c2c/releases/cloud.firestore","rulesetName":"projects/crypto-tracker-c6c2c/rulesets/0ab6663b-bc37-4a15-8de6-12593028a83e","createTime":"2022-10-11T04:06:22.054557Z","updateTime":"2022-10-11T04:06:22.054557Z"}]}
[debug] [2022-10-11T04:53:35.431Z] Found ruleset: projects/crypto-tracker-c6c2c/rulesets/0ab6663b-bc37-4a15-8de6-12593028a83e
[debug] [2022-10-11T04:53:35.431Z] >>> [apiv2][query] GET https://firebaserules.googleapis.com/v1/projects/crypto-tracker-c6c2c/rulesets/0ab6663b-bc37-4a15-8de6-12593028a83e [none]
[debug] [2022-10-11T04:53:36.944Z] <<< [apiv2][status] GET https://firebaserules.googleapis.com/v1/projects/crypto-tracker-c6c2c/rulesets/0ab6663b-bc37-4a15-8de6-12593028a83e 200
[debug] [2022-10-11T04:53:36.945Z] <<< [apiv2][body] GET https://firebaserules.googleapis.com/v1/projects/crypto-tracker-c6c2c/rulesets/0ab6663b-bc37-4a15-8de6-12593028a83e [omitted]
[info] 
[info] Firestore indexes allow you to perform complex queries while
[info] maintaining performance that scales with the size of the result
[info] set. You can keep index definitions in your project directory
[info] and publish them with firebase deploy.
[info] 
[debug] [2022-10-11T04:53:39.746Z] >>> [apiv2][query] GET https://firestore.googleapis.com/v1/projects/crypto-tracker-c6c2c/databases/(default)/collectionGroups/-/indexes [none]
[debug] [2022-10-11T04:53:39.749Z] >>> [apiv2][query] GET https://firestore.googleapis.com/v1/projects/crypto-tracker-c6c2c/databases/(default)/collectionGroups/-/fields?filter=indexConfig.usesAncestorConfig=false [none]
[debug] [2022-10-11T04:53:40.961Z] <<< [apiv2][status] GET https://firestore.googleapis.com/v1/projects/crypto-tracker-c6c2c/databases/(default)/collectionGroups/-/fields?filter=indexConfig.usesAncestorConfig=false 200
[debug] [2022-10-11T04:53:40.961Z] <<< [apiv2][body] GET https://firestore.googleapis.com/v1/projects/crypto-tracker-c6c2c/databases/(default)/collectionGroups/-/fields?filter=indexConfig.usesAncestorConfig=false {"fields":[{"name":"projects/crypto-tracker-c6c2c/databases/(default)/collectionGroups/__default__/fields/*","indexConfig":{"indexes":[{"queryScope":"COLLECTION","fields":[{"fieldPath":"*","order":"ASCENDING"}],"state":"READY"},{"queryScope":"COLLECTION","fields":[{"fieldPath":"*","order":"DESCENDING"}],"state":"READY"},{"queryScope":"COLLECTION","fields":[{"fieldPath":"*","arrayConfig":"CONTAINS"}],"state":"READY"}]}}]}
[debug] [2022-10-11T04:53:40.962Z] <<< [apiv2][status] GET https://firestore.googleapis.com/v1/projects/crypto-tracker-c6c2c/databases/(default)/collectionGroups/-/indexes 200
[debug] [2022-10-11T04:53:40.962Z] <<< [apiv2][body] GET https://firestore.googleapis.com/v1/projects/crypto-tracker-c6c2c/databases/(default)/collectionGroups/-/indexes {}
[info] 
=== Functions Setup
[debug] [2022-10-11T04:53:40.964Z] > command requires scopes: ["email","openid","https://www.googleapis.com/auth/cloudplatformprojects.readonly","https://www.googleapis.com/auth/firebase","https://www.googleapis.com/auth/cloud-platform"]
[debug] [2022-10-11T04:53:40.964Z] > authorizing via signed-in user (charanabarajithan1@gmail.com)
[debug] [2022-10-11T04:53:40.964Z] [iam] checking project crypto-tracker-c6c2c for permissions ["firebase.projects.get"]
[debug] [2022-10-11T04:53:40.964Z] >>> [apiv2][query] POST https://cloudresourcemanager.googleapis.com/v1/projects/crypto-tracker-c6c2c:testIamPermissions [none]
[debug] [2022-10-11T04:53:40.964Z] >>> [apiv2][(partial)header] POST https://cloudresourcemanager.googleapis.com/v1/projects/crypto-tracker-c6c2c:testIamPermissions x-goog-quota-user=projects/crypto-tracker-c6c2c
[debug] [2022-10-11T04:53:40.964Z] >>> [apiv2][body] POST https://cloudresourcemanager.googleapis.com/v1/projects/crypto-tracker-c6c2c:testIamPermissions {"permissions":["firebase.projects.get"]}
[debug] [2022-10-11T04:53:41.964Z] <<< [apiv2][status] POST https://cloudresourcemanager.googleapis.com/v1/projects/crypto-tracker-c6c2c:testIamPermissions 200
[debug] [2022-10-11T04:53:41.964Z] <<< [apiv2][body] POST https://cloudresourcemanager.googleapis.com/v1/projects/crypto-tracker-c6c2c:testIamPermissions {"permissions":["firebase.projects.get"]}
[debug] [2022-10-11T04:53:41.965Z] >>> [apiv2][query] GET https://serviceusage.googleapis.com/v1/projects/crypto-tracker-c6c2c/services/cloudfunctions.googleapis.com [none]
[debug] [2022-10-11T04:53:41.965Z] >>> [apiv2][(partial)header] GET https://serviceusage.googleapis.com/v1/projects/crypto-tracker-c6c2c/services/cloudfunctions.googleapis.com x-goog-quota-user=projects/crypto-tracker-c6c2c
[debug] [2022-10-11T04:53:41.968Z] >>> [apiv2][query] GET https://serviceusage.googleapis.com/v1/projects/crypto-tracker-c6c2c/services/runtimeconfig.googleapis.com [none]
[debug] [2022-10-11T04:53:41.968Z] >>> [apiv2][(partial)header] GET https://serviceusage.googleapis.com/v1/projects/crypto-tracker-c6c2c/services/runtimeconfig.googleapis.com x-goog-quota-user=projects/crypto-tracker-c6c2c
[debug] [2022-10-11T04:53:43.333Z] <<< [apiv2][status] GET https://serviceusage.googleapis.com/v1/projects/crypto-tracker-c6c2c/services/runtimeconfig.googleapis.com 200
[debug] [2022-10-11T04:53:43.334Z] <<< [apiv2][body] GET https://serviceusage.googleapis.com/v1/projects/crypto-tracker-c6c2c/services/runtimeconfig.googleapis.com [omitted]
[debug] [2022-10-11T04:53:43.362Z] <<< [apiv2][status] GET https://serviceusage.googleapis.com/v1/projects/crypto-tracker-c6c2c/services/cloudfunctions.googleapis.com 200
[debug] [2022-10-11T04:53:43.362Z] <<< [apiv2][body] GET https://serviceusage.googleapis.com/v1/projects/crypto-tracker-c6c2c/services/cloudfunctions.googleapis.com [omitted]
[info] 
Detected existing codebase(s): default

[info] 
Overwriting codebase default...

[info] ✔  Wrote functions/package.json 
[info] ✔  Wrote functions/.eslintrc.js 
[info] ✔  Wrote functions/index.js 
[info] ✔  Wrote functions/.gitignore 
[info] 
=== Hosting Setup
[info] 
[info] Your public directory is the folder (relative to your project directory) that
[info] will contain Hosting assets to be uploaded with firebase deploy. If you
[info] have a build process for your assets, use your build's output directory.
[info] 
[debug] [2022-10-11T04:54:09.061Z] >>> [apiv2][query] GET https://www.gstatic.com/firebasejs/releases.json [none]
[debug] [2022-10-11T04:54:09.325Z] <<< [apiv2][status] GET https://www.gstatic.com/firebasejs/releases.json 200
[debug] [2022-10-11T04:54:09.325Z] <<< [apiv2][body] GET https://www.gstatic.com/firebasejs/releases.json {"current":{"version":"9.11.0","browserURL":"https://www.gstatic.com/firebasejs/9.11.0/firebase.js","packageURL":"https://www.gstatic.com/firebasejs/9.11.0/firebase.tgz"},"live":{"version":"9.11","browserURL":"https://www.gstatic.com/firebasejs/live/9.11/firebase.js","packageURL":"https://www.gstatic.com/firebasejs/live/9.11/firebase.tgz"},"components":{"analytics":"https://www.gstatic.com/firebasejs/9.11.0/firebase-analytics.js","app":"https://www.gstatic.com/firebasejs/9.11.0/firebase-app.js","app-check":"https://www.gstatic.com/firebasejs/9.11.0/firebase-app-check.js","auth":"https://www.gstatic.com/firebasejs/9.11.0/firebase-auth.js","auth/cordova":"https://www.gstatic.com/firebasejs/9.11.0/firebase-auth/cordova.js","auth/react-native":"https://www.gstatic.com/firebasejs/9.11.0/firebase-auth/react-native.js","functions":"https://www.gstatic.com/firebasejs/9.11.0/firebase-functions.js","firestore":"https://www.gstatic.com/firebasejs/9.11.0/firebase-firestore.js","firestore/lite":"https://www.gstatic.com/firebasejs/9.11.0/firebase-firestore/lite.js","installations":"https://www.gstatic.com/firebasejs/9.11.0/firebase-installations.js","storage":"https://www.gstatic.com/firebasejs/9.11.0/firebase-storage.js","performance":"https://www.gstatic.com/firebasejs/9.11.0/firebase-performance.js","remote-config":"https://www.gstatic.com/firebasejs/9.11.0/firebase-remote-config.js","messaging":"https://www.gstatic.com/firebasejs/9.11.0/firebase-messaging.js","messaging/sw":"https://www.gstatic.com/firebasejs/9.11.0/firebase-messaging/sw.js","database":"https://www.gstatic.com/firebasejs/9.11.0/firebase-database.js","firestore.memory":"https://www.gstatic.com/firebasejs/9.11.0/firebase-firestore.memory.js"}}
[debug] [2022-10-11T04:54:09.577Z] Error: ENOTDIR: not a directory, scandir '/Users/charanabarajithan/Desktop/FINAL/Crypto/y'
    at Object.readdirSync (node:fs:1450:3)
    at Object.createFileSync (/usr/local/lib/node_modules/firebase-tools/node_modules/fs-extra/lib/ensure/file.js:55:10)
    at Config.writeProjectFile (/usr/local/lib/node_modules/firebase-tools/lib/config.js:152:12)
    at /usr/local/lib/node_modules/firebase-tools/lib/config.js:176:22
    at process.processTicksAndRejections (node:internal/process/task_queues:95:5)
    at async doSetup (/usr/local/lib/node_modules/firebase-tools/lib/init/features/hosting/index.js:133:9)
    at async init (/usr/local/lib/node_modules/firebase-tools/lib/init/index.js:36:9)
[error] 
[error] Error: An unexpected error has occurred.
[debug] [2022-10-11T04:54:46.409Z] ----------------------------------------------------------------------
[debug] [2022-10-11T04:54:46.411Z] Command:       /usr/local/bin/node /usr/local/bin/firebase init
[debug] [2022-10-11T04:54:46.411Z] CLI Version:   11.14.1
[debug] [2022-10-11T04:54:46.412Z] Platform:      darwin
[debug] [2022-10-11T04:54:46.412Z] Node Version:  v18.8.0
[debug] [2022-10-11T04:54:46.414Z] Time:          Tue Oct 11 2022 15:54:46 GMT+1100 (Australian Eastern Daylight Time)
[debug] [2022-10-11T04:54:46.414Z] ----------------------------------------------------------------------
[debug] 
[debug] [2022-10-11T04:54:46.425Z] > command requires scopes: ["email","openid","https://www.googleapis.com/auth/cloudplatformprojects.readonly","https://www.googleapis.com/auth/firebase","https://www.googleapis.com/auth/cloud-platform"]
[debug] [2022-10-11T04:54:46.426Z] > authorizing via signed-in user (charanabarajithan1@gmail.com)
[info] 
     ######## #### ########  ######## ########     ###     ######  ########
     ##        ##  ##     ## ##       ##     ##  ##   ##  ##       ##
     ######    ##  ########  ######   ########  #########  ######  ######
     ##        ##  ##    ##  ##       ##     ## ##     ##       ## ##
     ##       #### ##     ## ######## ########  ##     ##  ######  ########

You're about to initialize a Firebase project in this directory:

  /Users/charanabarajithan/Desktop/FINAL/Crypto

[info] 
=== Project Setup
[info] 
[info] First, let's associate this project directory with a Firebase project.
[info] You can create multiple project aliases by running firebase use --add, 
[info] but for now we'll just set up a default project.
[info] 
[debug] [2022-10-11T04:54:54.876Z] >>> [apiv2][query] GET https://firebase.googleapis.com/v1beta1/projects pageSize=100
[debug] [2022-10-11T04:54:55.658Z] <<< [apiv2][status] GET https://firebase.googleapis.com/v1beta1/projects 200
[debug] [2022-10-11T04:54:55.659Z] <<< [apiv2][body] GET https://firebase.googleapis.com/v1beta1/projects [omitted]
[info] i  Using project crypto-tracker-c6c2c (Crypto-tracker) 
[info] 
=== Database Setup
[info] i  database: ensuring required API firebasedatabase.googleapis.com is enabled... 
[debug] [2022-10-11T04:54:57.096Z] >>> [apiv2][query] GET https://serviceusage.googleapis.com/v1/projects/crypto-tracker-c6c2c/services/firebasedatabase.googleapis.com [none]
[debug] [2022-10-11T04:54:57.096Z] >>> [apiv2][(partial)header] GET https://serviceusage.googleapis.com/v1/projects/crypto-tracker-c6c2c/services/firebasedatabase.googleapis.com x-goog-quota-user=projects/crypto-tracker-c6c2c
[debug] [2022-10-11T04:54:58.476Z] <<< [apiv2][status] GET https://serviceusage.googleapis.com/v1/projects/crypto-tracker-c6c2c/services/firebasedatabase.googleapis.com 200
[debug] [2022-10-11T04:54:58.476Z] <<< [apiv2][body] GET https://serviceusage.googleapis.com/v1/projects/crypto-tracker-c6c2c/services/firebasedatabase.googleapis.com [omitted]
[info] ✔  database: required API firebasedatabase.googleapis.com is enabled 
[info] 
[debug] [2022-10-11T04:54:58.478Z] >>> [apiv2][query] GET https://firebasedatabase.googleapis.com/v1beta/projects/crypto-tracker-c6c2c/locations/-/instances/crypto-tracker-c6c2c-default-rtdb [none]
[debug] [2022-10-11T04:54:59.295Z] <<< [apiv2][status] GET https://firebasedatabase.googleapis.com/v1beta/projects/crypto-tracker-c6c2c/locations/-/instances/crypto-tracker-c6c2c-default-rtdb 200
[debug] [2022-10-11T04:54:59.295Z] <<< [apiv2][body] GET https://firebasedatabase.googleapis.com/v1beta/projects/crypto-tracker-c6c2c/locations/-/instances/crypto-tracker-c6c2c-default-rtdb {"name":"projects/920708752123/locations/us-central1/instances/crypto-tracker-c6c2c-default-rtdb","project":"projects/920708752123","databaseUrl":"https://crypto-tracker-c6c2c-default-rtdb.firebaseio.com","type":"DEFAULT_DATABASE","state":"ACTIVE"}
[info] 
[info] Firebase Realtime Database Security Rules allow you to define how your data should be
[info] structured and when your data can be read from and written to.
[info] 
[debug] [2022-10-11T04:55:02.664Z] >>> [apiv2][query] GET https://crypto-tracker-c6c2c-default-rtdb.firebaseio.com/.settings/rules.json [none]
[debug] [2022-10-11T04:55:03.084Z] <<< [apiv2][status] GET https://crypto-tracker-c6c2c-default-rtdb.firebaseio.com/.settings/rules.json 200
[debug] [2022-10-11T04:55:03.084Z] <<< [apiv2][body] GET https://crypto-tracker-c6c2c-default-rtdb.firebaseio.com/.settings/rules.json [stream]
[info] ✔  Database Rules for crypto-tracker-c6c2c-default-rtdb have been written to y. 
[info] Future modifications to y will update Realtime Database Security Rules when you run
[info] firebase deploy.
[info] 
=== Firestore Setup
[debug] [2022-10-11T04:55:03.087Z] >>> [apiv2][query] GET https://serviceusage.googleapis.com/v1/projects/crypto-tracker-c6c2c/services/firestore.googleapis.com [none]
[debug] [2022-10-11T04:55:03.087Z] >>> [apiv2][(partial)header] GET https://serviceusage.googleapis.com/v1/projects/crypto-tracker-c6c2c/services/firestore.googleapis.com x-goog-quota-user=projects/crypto-tracker-c6c2c
[debug] [2022-10-11T04:55:04.413Z] <<< [apiv2][status] GET https://serviceusage.googleapis.com/v1/projects/crypto-tracker-c6c2c/services/firestore.googleapis.com 200
[debug] [2022-10-11T04:55:04.414Z] <<< [apiv2][body] GET https://serviceusage.googleapis.com/v1/projects/crypto-tracker-c6c2c/services/firestore.googleapis.com [omitted]
[debug] [2022-10-11T04:55:04.414Z] >>> [apiv2][query] GET https://appengine.googleapis.com/v1/apps/crypto-tracker-c6c2c [none]
[debug] [2022-10-11T04:55:04.927Z] <<< [apiv2][status] GET https://appengine.googleapis.com/v1/apps/crypto-tracker-c6c2c 200
[debug] [2022-10-11T04:55:04.927Z] <<< [apiv2][body] GET https://appengine.googleapis.com/v1/apps/crypto-tracker-c6c2c {"name":"apps/crypto-tracker-c6c2c","id":"crypto-tracker-c6c2c","authDomain":"gmail.com","locationId":"asia-northeast3","codeBucket":"staging.crypto-tracker-c6c2c.appspot.com","servingStatus":"SERVING","defaultHostname":"crypto-tracker-c6c2c.du.r.appspot.com","defaultBucket":"crypto-tracker-c6c2c.appspot.com","serviceAccount":"crypto-tracker-c6c2c@appspot.gserviceaccount.com","gcrDomain":"asia.gcr.io","databaseType":"CLOUD_FIRESTORE","featureSettings":{"splitHealthChecks":true,"useContainerOptimizedOs":true}}
[debug] [2022-10-11T04:55:04.928Z] database_type: CLOUD_FIRESTORE
[debug] [2022-10-11T04:55:04.928Z] > command requires scopes: ["email","openid","https://www.googleapis.com/auth/cloudplatformprojects.readonly","https://www.googleapis.com/auth/firebase","https://www.googleapis.com/auth/cloud-platform"]
[debug] [2022-10-11T04:55:04.929Z] > authorizing via signed-in user (charanabarajithan1@gmail.com)
[debug] [2022-10-11T04:55:04.929Z] [iam] checking project crypto-tracker-c6c2c for permissions ["firebase.projects.get"]
[debug] [2022-10-11T04:55:04.930Z] >>> [apiv2][query] POST https://cloudresourcemanager.googleapis.com/v1/projects/crypto-tracker-c6c2c:testIamPermissions [none]
[debug] [2022-10-11T04:55:04.930Z] >>> [apiv2][(partial)header] POST https://cloudresourcemanager.googleapis.com/v1/projects/crypto-tracker-c6c2c:testIamPermissions x-goog-quota-user=projects/crypto-tracker-c6c2c
[debug] [2022-10-11T04:55:04.930Z] >>> [apiv2][body] POST https://cloudresourcemanager.googleapis.com/v1/projects/crypto-tracker-c6c2c:testIamPermissions {"permissions":["firebase.projects.get"]}
[debug] [2022-10-11T04:55:05.920Z] <<< [apiv2][status] POST https://cloudresourcemanager.googleapis.com/v1/projects/crypto-tracker-c6c2c:testIamPermissions 200
[debug] [2022-10-11T04:55:05.920Z] <<< [apiv2][body] POST https://cloudresourcemanager.googleapis.com/v1/projects/crypto-tracker-c6c2c:testIamPermissions {"permissions":["firebase.projects.get"]}
[info] 
[info] Firestore Security Rules allow you to define how and when to allow
[info] requests. You can keep these rules in your project directory
[info] and publish them with firebase deploy.
[info] 
[debug] [2022-10-11T04:55:07.846Z] >>> [apiv2][query] GET https://firebaserules.googleapis.com/v1/projects/crypto-tracker-c6c2c/releases pageSize=10&pageToken=
[debug] [2022-10-11T04:55:09.429Z] <<< [apiv2][status] GET https://firebaserules.googleapis.com/v1/projects/crypto-tracker-c6c2c/releases 200
[debug] [2022-10-11T04:55:09.430Z] <<< [apiv2][body] GET https://firebaserules.googleapis.com/v1/projects/crypto-tracker-c6c2c/releases {"releases":[{"name":"projects/crypto-tracker-c6c2c/releases/cloud.firestore","rulesetName":"projects/crypto-tracker-c6c2c/rulesets/0ab6663b-bc37-4a15-8de6-12593028a83e","createTime":"2022-10-11T04:06:22.054557Z","updateTime":"2022-10-11T04:06:22.054557Z"}]}
[debug] [2022-10-11T04:55:09.430Z] Found ruleset: projects/crypto-tracker-c6c2c/rulesets/0ab6663b-bc37-4a15-8de6-12593028a83e
[debug] [2022-10-11T04:55:09.430Z] >>> [apiv2][query] GET https://firebaserules.googleapis.com/v1/projects/crypto-tracker-c6c2c/rulesets/0ab6663b-bc37-4a15-8de6-12593028a83e [none]
[debug] [2022-10-11T04:55:10.965Z] <<< [apiv2][status] GET https://firebaserules.googleapis.com/v1/projects/crypto-tracker-c6c2c/rulesets/0ab6663b-bc37-4a15-8de6-12593028a83e 200
[debug] [2022-10-11T04:55:10.965Z] <<< [apiv2][body] GET https://firebaserules.googleapis.com/v1/projects/crypto-tracker-c6c2c/rulesets/0ab6663b-bc37-4a15-8de6-12593028a83e [omitted]
[info] 
[info] Firestore indexes allow you to perform complex queries while
[info] maintaining performance that scales with the size of the result
[info] set. You can keep index definitions in your project directory
[info] and publish them with firebase deploy.
[info] 
[debug] [2022-10-11T04:55:13.350Z] >>> [apiv2][query] GET https://firestore.googleapis.com/v1/projects/crypto-tracker-c6c2c/databases/(default)/collectionGroups/-/indexes [none]
[debug] [2022-10-11T04:55:13.352Z] >>> [apiv2][query] GET https://firestore.googleapis.com/v1/projects/crypto-tracker-c6c2c/databases/(default)/collectionGroups/-/fields?filter=indexConfig.usesAncestorConfig=false [none]
[debug] [2022-10-11T04:55:14.550Z] <<< [apiv2][status] GET https://firestore.googleapis.com/v1/projects/crypto-tracker-c6c2c/databases/(default)/collectionGroups/-/indexes 200
[debug] [2022-10-11T04:55:14.550Z] <<< [apiv2][body] GET https://firestore.googleapis.com/v1/projects/crypto-tracker-c6c2c/databases/(default)/collectionGroups/-/indexes {}
[debug] [2022-10-11T04:55:14.551Z] <<< [apiv2][status] GET https://firestore.googleapis.com/v1/projects/crypto-tracker-c6c2c/databases/(default)/collectionGroups/-/fields?filter=indexConfig.usesAncestorConfig=false 200
[debug] [2022-10-11T04:55:14.551Z] <<< [apiv2][body] GET https://firestore.googleapis.com/v1/projects/crypto-tracker-c6c2c/databases/(default)/collectionGroups/-/fields?filter=indexConfig.usesAncestorConfig=false {"fields":[{"name":"projects/crypto-tracker-c6c2c/databases/(default)/collectionGroups/__default__/fields/*","indexConfig":{"indexes":[{"queryScope":"COLLECTION","fields":[{"fieldPath":"*","order":"ASCENDING"}],"state":"READY"},{"queryScope":"COLLECTION","fields":[{"fieldPath":"*","order":"DESCENDING"}],"state":"READY"},{"queryScope":"COLLECTION","fields":[{"fieldPath":"*","arrayConfig":"CONTAINS"}],"state":"READY"}]}}]}
[info] 
=== Functions Setup
[debug] [2022-10-11T04:55:14.552Z] > command requires scopes: ["email","openid","https://www.googleapis.com/auth/cloudplatformprojects.readonly","https://www.googleapis.com/auth/firebase","https://www.googleapis.com/auth/cloud-platform"]
[debug] [2022-10-11T04:55:14.552Z] > authorizing via signed-in user (charanabarajithan1@gmail.com)
[debug] [2022-10-11T04:55:14.552Z] [iam] checking project crypto-tracker-c6c2c for permissions ["firebase.projects.get"]
[debug] [2022-10-11T04:55:14.553Z] >>> [apiv2][query] POST https://cloudresourcemanager.googleapis.com/v1/projects/crypto-tracker-c6c2c:testIamPermissions [none]
[debug] [2022-10-11T04:55:14.553Z] >>> [apiv2][(partial)header] POST https://cloudresourcemanager.googleapis.com/v1/projects/crypto-tracker-c6c2c:testIamPermissions x-goog-quota-user=projects/crypto-tracker-c6c2c
[debug] [2022-10-11T04:55:14.553Z] >>> [apiv2][body] POST https://cloudresourcemanager.googleapis.com/v1/projects/crypto-tracker-c6c2c:testIamPermissions {"permissions":["firebase.projects.get"]}
[debug] [2022-10-11T04:55:15.574Z] <<< [apiv2][status] POST https://cloudresourcemanager.googleapis.com/v1/projects/crypto-tracker-c6c2c:testIamPermissions 200
[debug] [2022-10-11T04:55:15.574Z] <<< [apiv2][body] POST https://cloudresourcemanager.googleapis.com/v1/projects/crypto-tracker-c6c2c:testIamPermissions {"permissions":["firebase.projects.get"]}
[debug] [2022-10-11T04:55:15.574Z] >>> [apiv2][query] GET https://serviceusage.googleapis.com/v1/projects/crypto-tracker-c6c2c/services/cloudfunctions.googleapis.com [none]
[debug] [2022-10-11T04:55:15.575Z] >>> [apiv2][(partial)header] GET https://serviceusage.googleapis.com/v1/projects/crypto-tracker-c6c2c/services/cloudfunctions.googleapis.com x-goog-quota-user=projects/crypto-tracker-c6c2c
[debug] [2022-10-11T04:55:15.579Z] >>> [apiv2][query] GET https://serviceusage.googleapis.com/v1/projects/crypto-tracker-c6c2c/services/runtimeconfig.googleapis.com [none]
[debug] [2022-10-11T04:55:15.579Z] >>> [apiv2][(partial)header] GET https://serviceusage.googleapis.com/v1/projects/crypto-tracker-c6c2c/services/runtimeconfig.googleapis.com x-goog-quota-user=projects/crypto-tracker-c6c2c
[debug] [2022-10-11T04:55:16.908Z] <<< [apiv2][status] GET https://serviceusage.googleapis.com/v1/projects/crypto-tracker-c6c2c/services/runtimeconfig.googleapis.com 200
[debug] [2022-10-11T04:55:16.908Z] <<< [apiv2][body] GET https://serviceusage.googleapis.com/v1/projects/crypto-tracker-c6c2c/services/runtimeconfig.googleapis.com [omitted]
[debug] [2022-10-11T04:55:16.909Z] <<< [apiv2][status] GET https://serviceusage.googleapis.com/v1/projects/crypto-tracker-c6c2c/services/cloudfunctions.googleapis.com 200
[debug] [2022-10-11T04:55:16.909Z] <<< [apiv2][body] GET https://serviceusage.googleapis.com/v1/projects/crypto-tracker-c6c2c/services/cloudfunctions.googleapis.com [omitted]
[info] 
Detected existing codebase(s): default

[info] 
Overwriting codebase default...

[info] ✔  Wrote functions/package.json 
[info] ✔  Wrote functions/.eslintrc.js 
[info] ✔  Wrote functions/index.js 
[info] ✔  Wrote functions/.gitignore 
[info] 
=== Hosting Setup
[info] 
[info] Your public directory is the folder (relative to your project directory) that
[info] will contain Hosting assets to be uploaded with firebase deploy. If you
[info] have a build process for your assets, use your build's output directory.
[info] 
[debug] [2022-10-11T04:55:33.143Z] >>> [apiv2][query] GET https://www.gstatic.com/firebasejs/releases.json [none]
[debug] [2022-10-11T04:55:33.276Z] <<< [apiv2][status] GET https://www.gstatic.com/firebasejs/releases.json 200
[debug] [2022-10-11T04:55:33.276Z] <<< [apiv2][body] GET https://www.gstatic.com/firebasejs/releases.json {"current":{"version":"9.11.0","browserURL":"https://www.gstatic.com/firebasejs/9.11.0/firebase.js","packageURL":"https://www.gstatic.com/firebasejs/9.11.0/firebase.tgz"},"live":{"version":"9.11","browserURL":"https://www.gstatic.com/firebasejs/live/9.11/firebase.js","packageURL":"https://www.gstatic.com/firebasejs/live/9.11/firebase.tgz"},"components":{"analytics":"https://www.gstatic.com/firebasejs/9.11.0/firebase-analytics.js","app":"https://www.gstatic.com/firebasejs/9.11.0/firebase-app.js","app-check":"https://www.gstatic.com/firebasejs/9.11.0/firebase-app-check.js","auth":"https://www.gstatic.com/firebasejs/9.11.0/firebase-auth.js","auth/cordova":"https://www.gstatic.com/firebasejs/9.11.0/firebase-auth/cordova.js","auth/react-native":"https://www.gstatic.com/firebasejs/9.11.0/firebase-auth/react-native.js","functions":"https://www.gstatic.com/firebasejs/9.11.0/firebase-functions.js","firestore":"https://www.gstatic.com/firebasejs/9.11.0/firebase-firestore.js","firestore/lite":"https://www.gstatic.com/firebasejs/9.11.0/firebase-firestore/lite.js","installations":"https://www.gstatic.com/firebasejs/9.11.0/firebase-installations.js","storage":"https://www.gstatic.com/firebasejs/9.11.0/firebase-storage.js","performance":"https://www.gstatic.com/firebasejs/9.11.0/firebase-performance.js","remote-config":"https://www.gstatic.com/firebasejs/9.11.0/firebase-remote-config.js","messaging":"https://www.gstatic.com/firebasejs/9.11.0/firebase-messaging.js","messaging/sw":"https://www.gstatic.com/firebasejs/9.11.0/firebase-messaging/sw.js","database":"https://www.gstatic.com/firebasejs/9.11.0/firebase-database.js","firestore.memory":"https://www.gstatic.com/firebasejs/9.11.0/firebase-firestore.memory.js"}}
[debug] [2022-10-11T04:55:33.509Z] Error: ENOTDIR: not a directory, scandir '/Users/charanabarajithan/Desktop/FINAL/Crypto/y'
    at Object.readdirSync (node:fs:1450:3)
    at Object.createFileSync (/usr/local/lib/node_modules/firebase-tools/node_modules/fs-extra/lib/ensure/file.js:55:10)
    at Config.writeProjectFile (/usr/local/lib/node_modules/firebase-tools/lib/config.js:152:12)
    at /usr/local/lib/node_modules/firebase-tools/lib/config.js:176:22
    at process.processTicksAndRejections (node:internal/process/task_queues:95:5)
    at async doSetup (/usr/local/lib/node_modules/firebase-tools/lib/init/features/hosting/index.js:133:9)
    at async init (/usr/local/lib/node_modules/firebase-tools/lib/init/index.js:36:9)
[error] 
[error] Error: An unexpected error has occurred.
